d:\visual studio projects\fm2wave\fm2wave\x64\debug\vc143.pdb
d:\visual studio projects\fm2wave\fm2wave\x64\debug\vc143.idb
d:\visual studio projects\fm2wave\fm2wave\x64\debug\fir.nativecodeanalysis.sarif
d:\visual studio projects\fm2wave\fm2wave\x64\debug\fir.nativecodeanalysis.xml
d:\visual studio projects\fm2wave\fm2wave\x64\debug\fm_demodulate.nativecodeanalysis.sarif
d:\visual studio projects\fm2wave\fm2wave\x64\debug\fm_demodulate.nativecodeanalysis.xml
d:\visual studio projects\fm2wave\fm2wave\x64\debug\main.nativecodeanalysis.sarif
d:\visual studio projects\fm2wave\fm2wave\x64\debug\main.nativecodeanalysis.xml
d:\visual studio projects\fm2wave\fm2wave\x64\debug\main.obj
d:\visual studio projects\fm2wave\fm2wave\x64\debug\fm_demodulate.obj
d:\visual studio projects\fm2wave\fm2wave\x64\debug\fir.obj
d:\visual studio projects\fm2wave\x64\debug\fm2wave.exe
d:\visual studio projects\fm2wave\x64\debug\fm2wave.pdb
d:\visual studio projects\fm2wave\fm2wave\x64\debug\fm2wave.ilk
d:\visual studio projects\fm2wave\fm2wave\x64\debug\vc.nativecodeanalysis.all.xml
d:\visual studio projects\fm2wave\fm2wave\x64\debug\fm2wave.tlog\cl.command.1.tlog
d:\visual studio projects\fm2wave\fm2wave\x64\debug\fm2wave.tlog\cl.items.tlog
d:\visual studio projects\fm2wave\fm2wave\x64\debug\fm2wave.tlog\cl.read.1.tlog
d:\visual studio projects\fm2wave\fm2wave\x64\debug\fm2wave.tlog\cl.write.1.tlog
d:\visual studio projects\fm2wave\fm2wave\x64\debug\fm2wave.tlog\link.command.1.tlog
d:\visual studio projects\fm2wave\fm2wave\x64\debug\fm2wave.tlog\link.read.1.tlog
d:\visual studio projects\fm2wave\fm2wave\x64\debug\fm2wave.tlog\link.secondary.1.tlog
d:\visual studio projects\fm2wave\fm2wave\x64\debug\fm2wave.tlog\link.write.1.tlog
